[debug] [2025-08-15T02:19:06.694Z] ----------------------------------------------------------------------
[debug] [2025-08-15T02:19:06.696Z] Command:       C:\Program Files\nodejs\node.exe C:\Users\Charles Lang\AppData\Local\npm-cache\_npx\ba4f1959e38407b5\node_modules\firebase-tools\lib\bin\firebase.js init dataconnect --project officiax-1up1f --debug
[debug] [2025-08-15T02:19:06.697Z] CLI Version:   14.12.1
[debug] [2025-08-15T02:19:06.697Z] Platform:      win32
[debug] [2025-08-15T02:19:06.697Z] Node Version:  v22.17.0
[debug] [2025-08-15T02:19:06.697Z] Time:          Thu Aug 14 2025 22:19:06 GMT-0400 (Eastern Daylight Time)
[debug] [2025-08-15T02:19:06.697Z] ----------------------------------------------------------------------
[debug] 
[debug] [2025-08-15T02:19:06.881Z] > command requires scopes: ["email","openid","https://www.googleapis.com/auth/cloudplatformprojects.readonly","https://www.googleapis.com/auth/firebase","https://www.googleapis.com/auth/cloud-platform"]
[debug] [2025-08-15T02:19:06.883Z] > authorizing via signed-in user (langcharles08@gmail.com)
[info] 
     ######## #### ########  ######## ########     ###     ######  ########
     ##        ##  ##     ## ##       ##     ##  ##   ##  ##       ##
     ######    ##  ########  ######   ########  #########  ######  ######
     ##        ##  ##    ##  ##       ##     ## ##     ##       ## ##
     ##       #### ##     ## ######## ########  ##     ##  ######  ########

You're about to initialize a Firebase project in this directory:

  C:\projects\officiax-aab2

Before we get started, keep in mind:

  * You are currently outside your home directory
  * You are initializing within an existing Firebase project directory

[info] 
=== Project Setup
[info] 
[info] First, let's associate this project directory with a Firebase project.
[info] You can create multiple project aliases by running firebase use --add, 
[info] but for now we'll just set up a default project.
[info] 
[debug] [2025-08-15T02:19:32.445Z] Using project from CLI flag: officiax-1up1f
[debug] [2025-08-15T02:19:32.446Z] Checked if tokens are valid: true, expires at: 1755226953203
[debug] [2025-08-15T02:19:32.446Z] Checked if tokens are valid: true, expires at: 1755226953203
[debug] [2025-08-15T02:19:32.447Z] >>> [apiv2][query] GET https://firebase.googleapis.com/v1beta1/projects/officiax-1up1f [none]
[debug] [2025-08-15T02:19:32.736Z] <<< [apiv2][status] GET https://firebase.googleapis.com/v1beta1/projects/officiax-1up1f 200
[debug] [2025-08-15T02:19:32.737Z] <<< [apiv2][body] GET https://firebase.googleapis.com/v1beta1/projects/officiax-1up1f {"projectId":"officiax-1up1f","projectNumber":"882582713145","displayName":"OfficiaX1","name":"projects/officiax-1up1f","resources":{"hostingSite":"officiax-1up1f"},"state":"ACTIVE","etag":"1_a47c9e6f-0bc8-4033-bed1-cbe6d2fa2add"}
[info] i  Using project officiax-1up1f (OfficiaX1) 
[info] 
=== Dataconnect Setup
[debug] [2025-08-15T02:19:32.745Z] Checked if tokens are valid: true, expires at: 1755226953203
[debug] [2025-08-15T02:19:32.745Z] Checked if tokens are valid: true, expires at: 1755226953203
[debug] [2025-08-15T02:19:32.745Z] >>> [apiv2][query] GET https://cloudbilling.googleapis.com/v1/projects/officiax-1up1f/billingInfo [none]
[debug] [2025-08-15T02:19:32.987Z] <<< [apiv2][status] GET https://cloudbilling.googleapis.com/v1/projects/officiax-1up1f/billingInfo 200
[debug] [2025-08-15T02:19:32.987Z] <<< [apiv2][body] GET https://cloudbilling.googleapis.com/v1/projects/officiax-1up1f/billingInfo {"name":"projects/officiax-1up1f/billingInfo","projectId":"officiax-1up1f","billingAccountName":"billingAccounts/01F249-1B25D5-6FB61B","billingEnabled":true}
[info] i  dataconnect: ensuring required API firebasedataconnect.googleapis.com is enabled... 
[info] i  dataconnect: ensuring required API sqladmin.googleapis.com is enabled... 
[info] i  dataconnect: ensuring required API compute.googleapis.com is enabled... 
[debug] [2025-08-15T02:19:32.989Z] Checked if tokens are valid: true, expires at: 1755226953203
[debug] [2025-08-15T02:19:32.989Z] Checked if tokens are valid: true, expires at: 1755226953203
[debug] [2025-08-15T02:19:32.990Z] >>> [apiv2][query] GET https://firebasedataconnect.googleapis.com/v1/projects/officiax-1up1f/locations/-/services [none]
[debug] [2025-08-15T02:19:33.468Z] <<< [apiv2][status] GET https://firebasedataconnect.googleapis.com/v1/projects/officiax-1up1f/locations/-/services 200
[debug] [2025-08-15T02:19:33.468Z] <<< [apiv2][body] GET https://firebasedataconnect.googleapis.com/v1/projects/officiax-1up1f/locations/-/services {}
[info] i  dataconnect\dataconnect.yaml is unchanged 
[info] i  dataconnect\schema\schema.gql is unchanged 
[info] +  Wrote dataconnect\connector\connector.yaml 
[info] i  dataconnect\connector\queries.gql is unchanged 
[info] i  dataconnect\connector\mutations.gql is unchanged 
[info] +  Detected WEB app in directory C:\projects\officiax-aab2 
[info] i  Detected react app. Enabling react generated SDKs. 
[info] i  Writing your new SDK configuration to C:\projects\officiax-aab2\dataconnect\connector/connector.yaml 
[info] +  Wrote dataconnect\connector\connector.yaml 
[debug] [2025-08-15T02:19:44.121Z] defaultcredentials: writing to file C:\Users\Charles Lang\AppData\Roaming\firebase\langcharles08_gmail_com_application_default_credentials.json
[info] I0814 22:20:02.260668   44428 codegen.go:82] [connector "default" javascriptSdk] Generating sources into "C:\\projects\\officiax-aab2\\dataconnect-generated\\js\\default-connector"
I0814 22:20:02.266497   44428 generate.go:40] Generated all sources. Writing them to disk...
I0814 22:20:02.274661   44428 collector.go:107] connector "default" javascriptSdk wrote into "C:\\projects\\officiax-aab2\\dataconnect-generated\\js\\default-connector"
Generated sources: package.json [860B] README.md [2896B] react\index.d.ts [228B] react\package.json [468B] react\index.cjs.js [0B] react\esm\index.esm.js [0B] react\README.md [5474B] index.d.ts [248B] esm\package.json [17B] index.cjs.js [151B] react\esm\package.json [17B] esm\index.esm.js [116B] 
I0814 22:20:02.301848   44428 installsdk.go:86] Running command: C:\Program Files\nodejs\npm.cmd install file:dataconnect-generated\js\default-connector
E0814 22:20:03.961754   44428 installsdk.go:88] Failed to install package: exit status 1

