[debug] [2025-08-15T02:08:35.204Z] [Firebase Plugin] Activating Firebase extension.
[info] [Firebase Plugin] Checked firebase-tools, is up to date!
[debug] [2025-08-15T02:08:51.287Z] [Firebase Plugin] requireAuthWrapper
[debug] [2025-08-15T02:08:51.290Z] > command requires scopes: ["email","openid","https://www.googleapis.com/auth/cloudplatformprojects.readonly","https://www.googleapis.com/auth/firebase","https://www.googleapis.com/auth/cloud-platform"]
[debug] [2025-08-15T02:08:51.291Z] > authorizing via signed-in user (langcharles08@gmail.com)
[debug] [2025-08-15T02:08:51.297Z] Checked if tokens are valid: true, expires at: 1755226953203
[debug] [2025-08-15T02:08:51.297Z] Checked if tokens are valid: true, expires at: 1755226953203
[debug] [2025-08-15T02:08:51.298Z] [Firebase Plugin] User found:  langcharles08@gmail.com
[info] [Firebase Plugin] (Core:Project) New user detected, fetching projects
[debug] [2025-08-15T02:08:51.300Z] Checked if tokens are valid: true, expires at: 1755226953203
[debug] [2025-08-15T02:08:51.302Z] >>> [apiv2][query] GET https://firebase.googleapis.com/v1beta1/projects pageSize=1000
[debug] [2025-08-15T02:08:51.318Z] [Firebase Plugin] VSCode notification server listening on port 40001
[info] [Firebase Plugin] Starting Data Connect toolkit (version 2.10.1) on port 50001
[info] i  dataconnect: downloading dataconnect-emulator-2.10.1.exe... {"metadata":{"emulator":{"name":"dataconnect"},"message":"downloading dataconnect-emulator-2.10.1.exe..."}}
[debug] [2025-08-15T02:08:51.920Z] >>> [apiv2][query] GET https://storage.googleapis.com/firemat-preview-drop/emulator/dataconnect-emulator-windows-v2.10.1 
[debug] [2025-08-15T02:08:51.950Z] <<< [apiv2][status] GET https://firebase.googleapis.com/v1beta1/projects 200
[debug] [2025-08-15T02:08:51.951Z] <<< [apiv2][body] GET https://firebase.googleapis.com/v1beta1/projects [omitted]
[debug] [2025-08-15T02:08:52.105Z] <<< [apiv2][status] GET https://storage.googleapis.com/firemat-preview-drop/emulator/dataconnect-emulator-windows-v2.10.1 200
[debug] [2025-08-15T02:08:52.106Z] <<< [apiv2][body] GET https://storage.googleapis.com/firemat-preview-drop/emulator/dataconnect-emulator-windows-v2.10.1 [stream]
[info] i  dataconnect: Removing outdated emulator files: dataconnect-emulator-2.10.0.exe {"metadata":{"emulator":{"name":"dataconnect"},"message":"Removing outdated emulator files: dataconnect-emulator-2.10.0.exe"}}
[debug] [2025-08-15T02:08:53.676Z] 'fdc build' failed with error: Unable to build your Data Connect schema and connectors (exit code 1): E0814 22:08:53.628612   40792 cmd.go:43] Error loading data connect config: could not find dataconnect.yaml in `c:\projects\officiax-aab2\dataconnect`
 {"metadata":{"emulator":{"name":"dataconnect"},"message":"'fdc build' failed with error: Unable to build your Data Connect schema and connectors (exit code 1): E0814 22:08:53.628612   40792 cmd.go:43] Error loading data connect config: could not find dataconnect.yaml in `c:\\projects\\officiax-aab2\\dataconnect`\n"}}
[debug] [2025-08-15T02:08:53.678Z] Ignoring unsupported arg: auto_download {"metadata":{"emulator":{"name":"dataconnect"},"message":"Ignoring unsupported arg: auto_download"}}
[debug] [2025-08-15T02:08:53.678Z] Ignoring unsupported arg: port {"metadata":{"emulator":{"name":"dataconnect"},"message":"Ignoring unsupported arg: port"}}
[debug] [2025-08-15T02:08:53.679Z] Starting Data Connect Emulator with command {"binary":"C:\\Users\\Charles Lang\\.cache\\firebase\\emulators\\dataconnect-emulator-2.10.1.exe","args":["--logtostderr","-v=2","dev","--listen=localhost:50001","--config_dir=c:\\projects\\officiax-aab2\\dataconnect","--enable_output_schema_extensions=true","--enable_output_generated_sdk=true"],"optionalArgs":["listen","config_dir","enable_output_schema_extensions","enable_output_generated_sdk"],"joinArgs":true,"shell":false,"port":9399} {"metadata":{"emulator":{"name":"dataconnect"},"message":"Starting Data Connect Emulator with command {\"binary\":\"C:\\\\Users\\\\Charles Lang\\\\.cache\\\\firebase\\\\emulators\\\\dataconnect-emulator-2.10.1.exe\",\"args\":[\"--logtostderr\",\"-v=2\",\"dev\",\"--listen=localhost:50001\",\"--config_dir=c:\\\\projects\\\\officiax-aab2\\\\dataconnect\",\"--enable_output_schema_extensions=true\",\"--enable_output_generated_sdk=true\"],\"optionalArgs\":[\"listen\",\"config_dir\",\"enable_output_schema_extensions\",\"enable_output_generated_sdk\"],\"joinArgs\":true,\"shell\":false,\"port\":9399}"}}
[info] i  dataconnect: Data Connect Emulator logging to dataconnect-debug.log {"metadata":{"emulator":{"name":"dataconnect"},"message":"Data Connect Emulator logging to \u001b[1mdataconnect-debug.log\u001b[22m"}}
[debug] [2025-08-15T02:08:53.803Z] E0814 22:08:53.804830    9756 load.go:23] Could not load config from "c:\\projects\\officiax-aab2\\dataconnect": could not find dataconnect.yaml in `c:\projects\officiax-aab2\dataconnect`
 {"metadata":{"emulator":{"name":"dataconnect"},"message":"E0814 22:08:53.804830    9756 load.go:23] Could not load config from \"c:\\\\projects\\\\officiax-aab2\\\\dataconnect\": could not find dataconnect.yaml in `c:\\projects\\officiax-aab2\\dataconnect`\n"}}
[debug] [2025-08-15T02:08:53.804Z] E0814 22:08:53.805890    9756 watch.go:76] watchAllDir unable to walk dir `c:\projects\officiax-aab2\dataconnect`: on path "c:\\projects\\officiax-aab2\\dataconnect" (DirEntry: <nil>): CreateFile c:\projects\officiax-aab2\dataconnect: The system cannot find the file specified.
 {"metadata":{"emulator":{"name":"dataconnect"},"message":"E0814 22:08:53.805890    9756 watch.go:76] watchAllDir unable to walk dir `c:\\projects\\officiax-aab2\\dataconnect`: on path \"c:\\\\projects\\\\officiax-aab2\\\\dataconnect\" (DirEntry: <nil>): CreateFile c:\\projects\\officiax-aab2\\dataconnect: The system cannot find the file specified.\n"}}
[debug] [2025-08-15T02:08:53.835Z] I0814 22:08:53.836948    9756 dev.go:95] Listening on address (HTTP + gRPC): 127.0.0.1:50001
 {"metadata":{"emulator":{"name":"dataconnect"},"message":"I0814 22:08:53.836948    9756 dev.go:95] Listening on address (HTTP + gRPC): 127.0.0.1:50001\n"}}
[error] [Firebase Plugin] error:  {}
[debug] [2025-08-15T02:09:03.805Z] E0814 22:09:03.807316    9756 load.go:23] Could not load config from "c:\\projects\\officiax-aab2\\dataconnect": could not find dataconnect.yaml in `c:\projects\officiax-aab2\dataconnect`
 {"metadata":{"emulator":{"name":"dataconnect"},"message":"E0814 22:09:03.807316    9756 load.go:23] Could not load config from \"c:\\\\projects\\\\officiax-aab2\\\\dataconnect\": could not find dataconnect.yaml in `c:\\projects\\officiax-aab2\\dataconnect`\n"}}
[debug] [2025-08-15T02:09:13.806Z] E0814 22:09:13.807400    9756 load.go:23] Could not load config from "c:\\projects\\officiax-aab2\\dataconnect": could not find dataconnect.yaml in `c:\projects\officiax-aab2\dataconnect`
 {"metadata":{"emulator":{"name":"dataconnect"},"message":"E0814 22:09:13.807400    9756 load.go:23] Could not load config from \"c:\\\\projects\\\\officiax-aab2\\\\dataconnect\": could not find dataconnect.yaml in `c:\\projects\\officiax-aab2\\dataconnect`\n"}}
[debug] [2025-08-15T02:09:28.494Z] E0814 22:09:23.808637    9756 load.go:23] Could not load config from "c:\\projects\\officiax-aab2\\dataconnect": could not find dataconnect.yaml in `c:\projects\officiax-aab2\dataconnect`
 {"metadata":{"emulator":{"name":"dataconnect"},"message":"E0814 22:09:23.808637    9756 load.go:23] Could not load config from \"c:\\\\projects\\\\officiax-aab2\\\\dataconnect\": could not find dataconnect.yaml in `c:\\projects\\officiax-aab2\\dataconnect`\n"}}
[debug] [2025-08-15T02:09:33.807Z] E0814 22:09:33.808920    9756 load.go:23] Could not load config from "c:\\projects\\officiax-aab2\\dataconnect": could not find dataconnect.yaml in `c:\projects\officiax-aab2\dataconnect`
 {"metadata":{"emulator":{"name":"dataconnect"},"message":"E0814 22:09:33.808920    9756 load.go:23] Could not load config from \"c:\\\\projects\\\\officiax-aab2\\\\dataconnect\": could not find dataconnect.yaml in `c:\\projects\\officiax-aab2\\dataconnect`\n"}}
[debug] [2025-08-15T02:09:43.806Z] E0814 22:09:43.808684    9756 load.go:23] Could not load config from "c:\\projects\\officiax-aab2\\dataconnect": could not find dataconnect.yaml in `c:\projects\officiax-aab2\dataconnect`
 {"metadata":{"emulator":{"name":"dataconnect"},"message":"E0814 22:09:43.808684    9756 load.go:23] Could not load config from \"c:\\\\projects\\\\officiax-aab2\\\\dataconnect\": could not find dataconnect.yaml in `c:\\projects\\officiax-aab2\\dataconnect`\n"}}
[debug] [2025-08-15T02:09:53.807Z] E0814 22:09:53.809242    9756 load.go:23] Could not load config from "c:\\projects\\officiax-aab2\\dataconnect": could not find dataconnect.yaml in `c:\projects\officiax-aab2\dataconnect`
 {"metadata":{"emulator":{"name":"dataconnect"},"message":"E0814 22:09:53.809242    9756 load.go:23] Could not load config from \"c:\\\\projects\\\\officiax-aab2\\\\dataconnect\": could not find dataconnect.yaml in `c:\\projects\\officiax-aab2\\dataconnect`\n"}}
[debug] [2025-08-15T02:10:03.807Z] E0814 22:10:03.809498    9756 load.go:23] Could not load config from "c:\\projects\\officiax-aab2\\dataconnect": could not find dataconnect.yaml in `c:\projects\officiax-aab2\dataconnect`
 {"metadata":{"emulator":{"name":"dataconnect"},"message":"E0814 22:10:03.809498    9756 load.go:23] Could not load config from \"c:\\\\projects\\\\officiax-aab2\\\\dataconnect\": could not find dataconnect.yaml in `c:\\projects\\officiax-aab2\\dataconnect`\n"}}
[debug] [2025-08-15T02:10:13.815Z] E0814 22:10:13.812142    9756 load.go:23] Could not load config from "c:\\projects\\officiax-aab2\\dataconnect": could not find dataconnect.yaml in `c:\projects\officiax-aab2\dataconnect`
 {"metadata":{"emulator":{"name":"dataconnect"},"message":"E0814 22:10:13.812142    9756 load.go:23] Could not load config from \"c:\\\\projects\\\\officiax-aab2\\\\dataconnect\": could not find dataconnect.yaml in `c:\\projects\\officiax-aab2\\dataconnect`\n"}}
[debug] [2025-08-15T02:10:18.729Z] [Firebase Plugin] Value of process.env.MONOSPACE_ENV: undefined
[debug] [2025-08-15T02:10:18.730Z] [Firebase Plugin] requireAuthWrapper
[debug] [2025-08-15T02:10:18.732Z] > command requires scopes: ["email","openid","https://www.googleapis.com/auth/cloudplatformprojects.readonly","https://www.googleapis.com/auth/firebase","https://www.googleapis.com/auth/cloud-platform"]
[debug] [2025-08-15T02:10:18.732Z] > authorizing via signed-in user (langcharles08@gmail.com)
[debug] [2025-08-15T02:10:18.732Z] Checked if tokens are valid: true, expires at: 1755226953203
[debug] [2025-08-15T02:10:18.732Z] [Firebase Plugin] User found:  langcharles08@gmail.com
[info] [Firebase Plugin] (Core:Project) New user detected, fetching projects
[debug] [2025-08-15T02:10:18.733Z] Checked if tokens are valid: true, expires at: 1755226953203
[debug] [2025-08-15T02:10:18.734Z] >>> [apiv2][query] GET https://firebase.googleapis.com/v1beta1/projects pageSize=1000
[debug] [2025-08-15T02:10:18.741Z] [Firebase Plugin] Value of process.env.MONOSPACE_ENV: undefined
[debug] [2025-08-15T02:10:18.741Z] [Firebase Plugin] requireAuthWrapper
[debug] [2025-08-15T02:10:18.742Z] > command requires scopes: ["email","openid","https://www.googleapis.com/auth/cloudplatformprojects.readonly","https://www.googleapis.com/auth/firebase","https://www.googleapis.com/auth/cloud-platform"]
[debug] [2025-08-15T02:10:18.742Z] > authorizing via signed-in user (langcharles08@gmail.com)
[debug] [2025-08-15T02:10:18.743Z] Checked if tokens are valid: true, expires at: 1755226953203
[debug] [2025-08-15T02:10:18.743Z] [Firebase Plugin] User found:  langcharles08@gmail.com
[info] [Firebase Plugin] (Core:Project) New user detected, fetching projects
[debug] [2025-08-15T02:10:18.744Z] Checked if tokens are valid: true, expires at: 1755226953203
[debug] [2025-08-15T02:10:18.744Z] >>> [apiv2][query] GET https://firebase.googleapis.com/v1beta1/projects pageSize=1000
[debug] [2025-08-15T02:10:19.026Z] <<< [apiv2][status] GET https://firebase.googleapis.com/v1beta1/projects 200
[debug] [2025-08-15T02:10:19.026Z] <<< [apiv2][body] GET https://firebase.googleapis.com/v1beta1/projects [omitted]
[debug] [2025-08-15T02:10:19.210Z] <<< [apiv2][status] GET https://firebase.googleapis.com/v1beta1/projects 200
[debug] [2025-08-15T02:10:19.211Z] <<< [apiv2][body] GET https://firebase.googleapis.com/v1beta1/projects [omitted]
[debug] [2025-08-15T02:10:23.809Z] E0814 22:10:23.810691    9756 load.go:23] Could not load config from "c:\\projects\\officiax-aab2\\dataconnect": could not find dataconnect.yaml in `c:\projects\officiax-aab2\dataconnect`
 {"metadata":{"emulator":{"name":"dataconnect"},"message":"E0814 22:10:23.810691    9756 load.go:23] Could not load config from \"c:\\\\projects\\\\officiax-aab2\\\\dataconnect\": could not find dataconnect.yaml in `c:\\projects\\officiax-aab2\\dataconnect`\n"}}
[debug] [2025-08-15T02:10:33.816Z] E0814 22:10:33.818301    9756 load.go:23] Could not load config from "c:\\projects\\officiax-aab2\\dataconnect": could not find dataconnect.yaml in `c:\projects\officiax-aab2\dataconnect`
 {"metadata":{"emulator":{"name":"dataconnect"},"message":"E0814 22:10:33.818301    9756 load.go:23] Could not load config from \"c:\\\\projects\\\\officiax-aab2\\\\dataconnect\": could not find dataconnect.yaml in `c:\\projects\\officiax-aab2\\dataconnect`\n"}}
[debug] [2025-08-15T02:10:43.810Z] E0814 22:10:43.811602    9756 load.go:23] Could not load config from "c:\\projects\\officiax-aab2\\dataconnect": could not find dataconnect.yaml in `c:\projects\officiax-aab2\dataconnect`
 {"metadata":{"emulator":{"name":"dataconnect"},"message":"E0814 22:10:43.811602    9756 load.go:23] Could not load config from \"c:\\\\projects\\\\officiax-aab2\\\\dataconnect\": could not find dataconnect.yaml in `c:\\projects\\officiax-aab2\\dataconnect`\n"}}
[debug] [2025-08-15T02:10:53.810Z] E0814 22:10:53.811353    9756 load.go:23] Could not load config from "c:\\projects\\officiax-aab2\\dataconnect": could not find dataconnect.yaml in `c:\projects\officiax-aab2\dataconnect`
E0814 22:10:53.811353    9756 watch.go:76] watchAllDir unable to walk dir `c:\projects\officiax-aab2\dataconnect`: on path "c:\\projects\\officiax-aab2\\dataconnect" (DirEntry: <nil>): CreateFile c:\projects\officiax-aab2\dataconnect: The system cannot find the file specified.
 {"metadata":{"emulator":{"name":"dataconnect"},"message":"E0814 22:10:53.811353    9756 load.go:23] Could not load config from \"c:\\\\projects\\\\officiax-aab2\\\\dataconnect\": could not find dataconnect.yaml in `c:\\projects\\officiax-aab2\\dataconnect`\nE0814 22:10:53.811353    9756 watch.go:76] watchAllDir unable to walk dir `c:\\projects\\officiax-aab2\\dataconnect`: on path \"c:\\\\projects\\\\officiax-aab2\\\\dataconnect\" (DirEntry: <nil>): CreateFile c:\\projects\\officiax-aab2\\dataconnect: The system cannot find the file specified.\n"}}
[debug] [2025-08-15T02:11:03.810Z] E0814 22:11:03.813446    9756 load.go:23] Could not load config from "c:\\projects\\officiax-aab2\\dataconnect": could not find dataconnect.yaml in `c:\projects\officiax-aab2\dataconnect`
 {"metadata":{"emulator":{"name":"dataconnect"},"message":"E0814 22:11:03.813446    9756 load.go:23] Could not load config from \"c:\\\\projects\\\\officiax-aab2\\\\dataconnect\": could not find dataconnect.yaml in `c:\\projects\\officiax-aab2\\dataconnect`\n"}}
[debug] [2025-08-15T02:11:13.812Z] E0814 22:11:13.812134    9756 load.go:23] Could not load config from "c:\\projects\\officiax-aab2\\dataconnect": could not find dataconnect.yaml in `c:\projects\officiax-aab2\dataconnect`
 {"metadata":{"emulator":{"name":"dataconnect"},"message":"E0814 22:11:13.812134    9756 load.go:23] Could not load config from \"c:\\\\projects\\\\officiax-aab2\\\\dataconnect\": could not find dataconnect.yaml in `c:\\projects\\officiax-aab2\\dataconnect`\n"}}
[debug] [2025-08-15T02:11:23.819Z] E0814 22:11:23.820045    9756 load.go:23] Could not load config from "c:\\projects\\officiax-aab2\\dataconnect": could not find dataconnect.yaml in `c:\projects\officiax-aab2\dataconnect`
 {"metadata":{"emulator":{"name":"dataconnect"},"message":"E0814 22:11:23.820045    9756 load.go:23] Could not load config from \"c:\\\\projects\\\\officiax-aab2\\\\dataconnect\": could not find dataconnect.yaml in `c:\\projects\\officiax-aab2\\dataconnect`\n"}}
[debug] [2025-08-15T02:11:33.812Z] E0814 22:11:33.813438    9756 load.go:23] Could not load config from "c:\\projects\\officiax-aab2\\dataconnect": could not find dataconnect.yaml in `c:\projects\officiax-aab2\dataconnect`
 {"metadata":{"emulator":{"name":"dataconnect"},"message":"E0814 22:11:33.813438    9756 load.go:23] Could not load config from \"c:\\\\projects\\\\officiax-aab2\\\\dataconnect\": could not find dataconnect.yaml in `c:\\projects\\officiax-aab2\\dataconnect`\n"}}
[debug] [2025-08-15T02:11:43.821Z] E0814 22:11:43.822800    9756 load.go:23] Could not load config from "c:\\projects\\officiax-aab2\\dataconnect": could not find dataconnect.yaml in `c:\projects\officiax-aab2\dataconnect`
 {"metadata":{"emulator":{"name":"dataconnect"},"message":"E0814 22:11:43.822800    9756 load.go:23] Could not load config from \"c:\\\\projects\\\\officiax-aab2\\\\dataconnect\": could not find dataconnect.yaml in `c:\\projects\\officiax-aab2\\dataconnect`\n"}}
[debug] [2025-08-15T02:11:53.812Z] E0814 22:11:53.813563    9756 load.go:23] Could not load config from "c:\\projects\\officiax-aab2\\dataconnect": could not find dataconnect.yaml in `c:\projects\officiax-aab2\dataconnect`
 {"metadata":{"emulator":{"name":"dataconnect"},"message":"E0814 22:11:53.813563    9756 load.go:23] Could not load config from \"c:\\\\projects\\\\officiax-aab2\\\\dataconnect\": could not find dataconnect.yaml in `c:\\projects\\officiax-aab2\\dataconnect`\n"}}
[debug] [2025-08-15T02:12:04.260Z] E0814 22:12:03.813707    9756 load.go:23] Could not load config from "c:\\projects\\officiax-aab2\\dataconnect": could not find dataconnect.yaml in `c:\projects\officiax-aab2\dataconnect`
 {"metadata":{"emulator":{"name":"dataconnect"},"message":"E0814 22:12:03.813707    9756 load.go:23] Could not load config from \"c:\\\\projects\\\\officiax-aab2\\\\dataconnect\": could not find dataconnect.yaml in `c:\\projects\\officiax-aab2\\dataconnect`\n"}}
[debug] [2025-08-15T02:12:13.818Z] E0814 22:12:13.814001    9756 load.go:23] Could not load config from "c:\\projects\\officiax-aab2\\dataconnect": could not find dataconnect.yaml in `c:\projects\officiax-aab2\dataconnect`
 {"metadata":{"emulator":{"name":"dataconnect"},"message":"E0814 22:12:13.814001    9756 load.go:23] Could not load config from \"c:\\\\projects\\\\officiax-aab2\\\\dataconnect\": could not find dataconnect.yaml in `c:\\projects\\officiax-aab2\\dataconnect`\n"}}
[debug] [2025-08-15T02:12:23.814Z] E0814 22:12:23.814191    9756 load.go:23] Could not load config from "c:\\projects\\officiax-aab2\\dataconnect": could not find dataconnect.yaml in `c:\projects\officiax-aab2\dataconnect`
 {"metadata":{"emulator":{"name":"dataconnect"},"message":"E0814 22:12:23.814191    9756 load.go:23] Could not load config from \"c:\\\\projects\\\\officiax-aab2\\\\dataconnect\": could not find dataconnect.yaml in `c:\\projects\\officiax-aab2\\dataconnect`\n"}}
[debug] [2025-08-15T02:12:33.818Z] E0814 22:12:33.814959    9756 load.go:23] Could not load config from "c:\\projects\\officiax-aab2\\dataconnect": could not find dataconnect.yaml in `c:\projects\officiax-aab2\dataconnect`
 {"metadata":{"emulator":{"name":"dataconnect"},"message":"E0814 22:12:33.814959    9756 load.go:23] Could not load config from \"c:\\\\projects\\\\officiax-aab2\\\\dataconnect\": could not find dataconnect.yaml in `c:\\projects\\officiax-aab2\\dataconnect`\n"}}
[debug] [2025-08-15T02:12:43.813Z] E0814 22:12:43.815093    9756 load.go:23] Could not load config from "c:\\projects\\officiax-aab2\\dataconnect": could not find dataconnect.yaml in `c:\projects\officiax-aab2\dataconnect`
 {"metadata":{"emulator":{"name":"dataconnect"},"message":"E0814 22:12:43.815093    9756 load.go:23] Could not load config from \"c:\\\\projects\\\\officiax-aab2\\\\dataconnect\": could not find dataconnect.yaml in `c:\\projects\\officiax-aab2\\dataconnect`\n"}}
[debug] [2025-08-15T02:12:53.814Z] E0814 22:12:53.815579    9756 load.go:23] Could not load config from "c:\\projects\\officiax-aab2\\dataconnect": could not find dataconnect.yaml in `c:\projects\officiax-aab2\dataconnect`
E0814 22:12:53.816084    9756 watch.go:76] watchAllDir unable to walk dir `c:\projects\officiax-aab2\dataconnect`: on path "c:\\projects\\officiax-aab2\\dataconnect" (DirEntry: <nil>): CreateFile c:\projects\officiax-aab2\dataconnect: The system cannot find the file specified.
 {"metadata":{"emulator":{"name":"dataconnect"},"message":"E0814 22:12:53.815579    9756 load.go:23] Could not load config from \"c:\\\\projects\\\\officiax-aab2\\\\dataconnect\": could not find dataconnect.yaml in `c:\\projects\\officiax-aab2\\dataconnect`\nE0814 22:12:53.816084    9756 watch.go:76] watchAllDir unable to walk dir `c:\\projects\\officiax-aab2\\dataconnect`: on path \"c:\\\\projects\\\\officiax-aab2\\\\dataconnect\" (DirEntry: <nil>): CreateFile c:\\projects\\officiax-aab2\\dataconnect: The system cannot find the file specified.\n"}}
[debug] [2025-08-15T02:13:03.814Z] E0814 22:13:03.815914    9756 load.go:23] Could not load config from "c:\\projects\\officiax-aab2\\dataconnect": could not find dataconnect.yaml in `c:\projects\officiax-aab2\dataconnect`
 {"metadata":{"emulator":{"name":"dataconnect"},"message":"E0814 22:13:03.815914    9756 load.go:23] Could not load config from \"c:\\\\projects\\\\officiax-aab2\\\\dataconnect\": could not find dataconnect.yaml in `c:\\projects\\officiax-aab2\\dataconnect`\n"}}
[debug] [2025-08-15T02:13:13.817Z] E0814 22:13:13.817534    9756 load.go:23] Could not load config from "c:\\projects\\officiax-aab2\\dataconnect": could not find dataconnect.yaml in `c:\projects\officiax-aab2\dataconnect`
 {"metadata":{"emulator":{"name":"dataconnect"},"message":"E0814 22:13:13.817534    9756 load.go:23] Could not load config from \"c:\\\\projects\\\\officiax-aab2\\\\dataconnect\": could not find dataconnect.yaml in `c:\\projects\\officiax-aab2\\dataconnect`\n"}}
[debug] [2025-08-15T02:13:23.816Z] E0814 22:13:23.816560    9756 load.go:23] Could not load config from "c:\\projects\\officiax-aab2\\dataconnect": could not find dataconnect.yaml in `c:\projects\officiax-aab2\dataconnect`
 {"metadata":{"emulator":{"name":"dataconnect"},"message":"E0814 22:13:23.816560    9756 load.go:23] Could not load config from \"c:\\\\projects\\\\officiax-aab2\\\\dataconnect\": could not find dataconnect.yaml in `c:\\projects\\officiax-aab2\\dataconnect`\n"}}
[debug] [2025-08-15T02:13:34.157Z] E0814 22:13:33.816968    9756 load.go:23] Could not load config from "c:\\projects\\officiax-aab2\\dataconnect": could not find dataconnect.yaml in `c:\projects\officiax-aab2\dataconnect`
 {"metadata":{"emulator":{"name":"dataconnect"},"message":"E0814 22:13:33.816968    9756 load.go:23] Could not load config from \"c:\\\\projects\\\\officiax-aab2\\\\dataconnect\": could not find dataconnect.yaml in `c:\\projects\\officiax-aab2\\dataconnect`\n"}}
[debug] [2025-08-15T02:13:43.816Z] E0814 22:13:43.817154    9756 load.go:23] Could not load config from "c:\\projects\\officiax-aab2\\dataconnect": could not find dataconnect.yaml in `c:\projects\officiax-aab2\dataconnect`
 {"metadata":{"emulator":{"name":"dataconnect"},"message":"E0814 22:13:43.817154    9756 load.go:23] Could not load config from \"c:\\\\projects\\\\officiax-aab2\\\\dataconnect\": could not find dataconnect.yaml in `c:\\projects\\officiax-aab2\\dataconnect`\n"}}
[debug] [2025-08-15T02:13:53.816Z] E0814 22:13:53.817830    9756 load.go:23] Could not load config from "c:\\projects\\officiax-aab2\\dataconnect": could not find dataconnect.yaml in `c:\projects\officiax-aab2\dataconnect`
 {"metadata":{"emulator":{"name":"dataconnect"},"message":"E0814 22:13:53.817830    9756 load.go:23] Could not load config from \"c:\\\\projects\\\\officiax-aab2\\\\dataconnect\": could not find dataconnect.yaml in `c:\\projects\\officiax-aab2\\dataconnect`\n"}}
[debug] [2025-08-15T02:14:03.816Z] E0814 22:14:03.818546    9756 load.go:23] Could not load config from "c:\\projects\\officiax-aab2\\dataconnect": could not find dataconnect.yaml in `c:\projects\officiax-aab2\dataconnect`
 {"metadata":{"emulator":{"name":"dataconnect"},"message":"E0814 22:14:03.818546    9756 load.go:23] Could not load config from \"c:\\\\projects\\\\officiax-aab2\\\\dataconnect\": could not find dataconnect.yaml in `c:\\projects\\officiax-aab2\\dataconnect`\n"}}
[debug] [2025-08-15T02:14:13.817Z] E0814 22:14:13.818367    9756 load.go:23] Could not load config from "c:\\projects\\officiax-aab2\\dataconnect": could not find dataconnect.yaml in `c:\projects\officiax-aab2\dataconnect`
 {"metadata":{"emulator":{"name":"dataconnect"},"message":"E0814 22:14:13.818367    9756 load.go:23] Could not load config from \"c:\\\\projects\\\\officiax-aab2\\\\dataconnect\": could not find dataconnect.yaml in `c:\\projects\\officiax-aab2\\dataconnect`\n"}}
[debug] [2025-08-15T02:14:23.817Z] E0814 22:14:23.818960    9756 load.go:23] Could not load config from "c:\\projects\\officiax-aab2\\dataconnect": could not find dataconnect.yaml in `c:\projects\officiax-aab2\dataconnect`
 {"metadata":{"emulator":{"name":"dataconnect"},"message":"E0814 22:14:23.818960    9756 load.go:23] Could not load config from \"c:\\\\projects\\\\officiax-aab2\\\\dataconnect\": could not find dataconnect.yaml in `c:\\projects\\officiax-aab2\\dataconnect`\n"}}
[debug] [2025-08-15T02:14:33.817Z] E0814 22:14:33.819100    9756 load.go:23] Could not load config from "c:\\projects\\officiax-aab2\\dataconnect": could not find dataconnect.yaml in `c:\projects\officiax-aab2\dataconnect`
 {"metadata":{"emulator":{"name":"dataconnect"},"message":"E0814 22:14:33.819100    9756 load.go:23] Could not load config from \"c:\\\\projects\\\\officiax-aab2\\\\dataconnect\": could not find dataconnect.yaml in `c:\\projects\\officiax-aab2\\dataconnect`\n"}}
[debug] [2025-08-15T02:14:43.818Z] E0814 22:14:43.819945    9756 load.go:23] Could not load config from "c:\\projects\\officiax-aab2\\dataconnect": could not find dataconnect.yaml in `c:\projects\officiax-aab2\dataconnect`
 {"metadata":{"emulator":{"name":"dataconnect"},"message":"E0814 22:14:43.819945    9756 load.go:23] Could not load config from \"c:\\\\projects\\\\officiax-aab2\\\\dataconnect\": could not find dataconnect.yaml in `c:\\projects\\officiax-aab2\\dataconnect`\n"}}
[debug] [2025-08-15T02:14:53.817Z] E0814 22:14:53.819583    9756 load.go:23] Could not load config from "c:\\projects\\officiax-aab2\\dataconnect": could not find dataconnect.yaml in `c:\projects\officiax-aab2\dataconnect`
 {"metadata":{"emulator":{"name":"dataconnect"},"message":"E0814 22:14:53.819583    9756 load.go:23] Could not load config from \"c:\\\\projects\\\\officiax-aab2\\\\dataconnect\": could not find dataconnect.yaml in `c:\\projects\\officiax-aab2\\dataconnect`\n"}}
[debug] [2025-08-15T02:14:53.818Z] E0814 22:14:53.819583    9756 watch.go:76] watchAllDir unable to walk dir `c:\projects\officiax-aab2\dataconnect`: on path "c:\\projects\\officiax-aab2\\dataconnect" (DirEntry: <nil>): CreateFile c:\projects\officiax-aab2\dataconnect: The system cannot find the file specified.
 {"metadata":{"emulator":{"name":"dataconnect"},"message":"E0814 22:14:53.819583    9756 watch.go:76] watchAllDir unable to walk dir `c:\\projects\\officiax-aab2\\dataconnect`: on path \"c:\\\\projects\\\\officiax-aab2\\\\dataconnect\" (DirEntry: <nil>): CreateFile c:\\projects\\officiax-aab2\\dataconnect: The system cannot find the file specified.\n"}}
[debug] [2025-08-15T02:15:03.817Z] E0814 22:15:03.820155    9756 load.go:23] Could not load config from "c:\\projects\\officiax-aab2\\dataconnect": could not find dataconnect.yaml in `c:\projects\officiax-aab2\dataconnect`
 {"metadata":{"emulator":{"name":"dataconnect"},"message":"E0814 22:15:03.820155    9756 load.go:23] Could not load config from \"c:\\\\projects\\\\officiax-aab2\\\\dataconnect\": could not find dataconnect.yaml in `c:\\projects\\officiax-aab2\\dataconnect`\n"}}
[debug] [2025-08-15T02:15:13.820Z] E0814 22:15:13.820297    9756 load.go:23] Could not load config from "c:\\projects\\officiax-aab2\\dataconnect": could not find dataconnect.yaml in `c:\projects\officiax-aab2\dataconnect`
 {"metadata":{"emulator":{"name":"dataconnect"},"message":"E0814 22:15:13.820297    9756 load.go:23] Could not load config from \"c:\\\\projects\\\\officiax-aab2\\\\dataconnect\": could not find dataconnect.yaml in `c:\\projects\\officiax-aab2\\dataconnect`\n"}}
[debug] [2025-08-15T02:15:23.821Z] E0814 22:15:23.821682    9756 load.go:23] Could not load config from "c:\\projects\\officiax-aab2\\dataconnect": could not find dataconnect.yaml in `c:\projects\officiax-aab2\dataconnect`
 {"metadata":{"emulator":{"name":"dataconnect"},"message":"E0814 22:15:23.821682    9756 load.go:23] Could not load config from \"c:\\\\projects\\\\officiax-aab2\\\\dataconnect\": could not find dataconnect.yaml in `c:\\projects\\officiax-aab2\\dataconnect`\n"}}
[debug] [2025-08-15T02:15:33.820Z] E0814 22:15:33.821224    9756 load.go:23] Could not load config from "c:\\projects\\officiax-aab2\\dataconnect": could not find dataconnect.yaml in `c:\projects\officiax-aab2\dataconnect`
 {"metadata":{"emulator":{"name":"dataconnect"},"message":"E0814 22:15:33.821224    9756 load.go:23] Could not load config from \"c:\\\\projects\\\\officiax-aab2\\\\dataconnect\": could not find dataconnect.yaml in `c:\\projects\\officiax-aab2\\dataconnect`\n"}}
[debug] [2025-08-15T02:15:43.820Z] E0814 22:15:43.821598    9756 load.go:23] Could not load config from "c:\\projects\\officiax-aab2\\dataconnect": could not find dataconnect.yaml in `c:\projects\officiax-aab2\dataconnect`
 {"metadata":{"emulator":{"name":"dataconnect"},"message":"E0814 22:15:43.821598    9756 load.go:23] Could not load config from \"c:\\\\projects\\\\officiax-aab2\\\\dataconnect\": could not find dataconnect.yaml in `c:\\projects\\officiax-aab2\\dataconnect`\n"}}
[debug] [2025-08-15T02:15:53.820Z] E0814 22:15:53.821850    9756 load.go:23] Could not load config from "c:\\projects\\officiax-aab2\\dataconnect": could not find dataconnect.yaml in `c:\projects\officiax-aab2\dataconnect`
 {"metadata":{"emulator":{"name":"dataconnect"},"message":"E0814 22:15:53.821850    9756 load.go:23] Could not load config from \"c:\\\\projects\\\\officiax-aab2\\\\dataconnect\": could not find dataconnect.yaml in `c:\\projects\\officiax-aab2\\dataconnect`\n"}}
[debug] [2025-08-15T02:16:03.820Z] E0814 22:16:03.822253    9756 load.go:23] Could not load config from "c:\\projects\\officiax-aab2\\dataconnect": could not find dataconnect.yaml in `c:\projects\officiax-aab2\dataconnect`
 {"metadata":{"emulator":{"name":"dataconnect"},"message":"E0814 22:16:03.822253    9756 load.go:23] Could not load config from \"c:\\\\projects\\\\officiax-aab2\\\\dataconnect\": could not find dataconnect.yaml in `c:\\projects\\officiax-aab2\\dataconnect`\n"}}
[debug] [2025-08-15T02:16:13.833Z] I0814 22:16:13.833315    9756 load.go:37] Reloading schema and connectors...
 {"metadata":{"emulator":{"name":"dataconnect"},"message":"I0814 22:16:13.833315    9756 load.go:37] Reloading schema and connectors...\n"}}
[debug] [2025-08-15T02:16:13.876Z] I0814 22:16:13.875944    9756 control.go:84] [/emulator/officiax-aab2 e932] UpdateResources(): done
Schema: sources: schema\schema.gql [2088B] 
Connector "default": sources: connector\mutations.gql [1301B] connector\queries.gql [1947B] 
 {"metadata":{"emulator":{"name":"dataconnect"},"message":"I0814 22:16:13.875944    9756 control.go:84] [/emulator/officiax-aab2 e932] UpdateResources(): done\nSchema: sources: schema\\schema.gql [2088B] \nConnector \"default\": sources: connector\\mutations.gql [1301B] connector\\queries.gql [1947B] \n"}}
[debug] [2025-08-15T02:16:13.898Z] I0814 22:16:13.898085    9756 collector.go:107] schema extensions wrote into "c:\\projects\\officiax-aab2\\dataconnect\\.dataconnect\\schema"
Generated sources: prelude.gql [73172B] 
I0814 22:16:13.898661    9756 load.go:115] Finished reloading
 {"metadata":{"emulator":{"name":"dataconnect"},"message":"I0814 22:16:13.898085    9756 collector.go:107] schema extensions wrote into \"c:\\\\projects\\\\officiax-aab2\\\\dataconnect\\\\.dataconnect\\\\schema\"\nGenerated sources: prelude.gql [73172B] \nI0814 22:16:13.898661    9756 load.go:115] Finished reloading\n"}}
[debug] [2025-08-15T02:16:33.826Z] I0814 22:16:33.827192    9756 load.go:37] Reloading schema and connectors...
 {"metadata":{"emulator":{"name":"dataconnect"},"message":"I0814 22:16:33.827192    9756 load.go:37] Reloading schema and connectors...\n"}}
[debug] [2025-08-15T02:16:33.838Z] I0814 22:16:33.839090    9756 codegen.go:82] [connector "default" javascriptSdk] Generating sources into "c:\\projects\\officiax-aab2\\dataconnect-generated\\js\\default-connector"
 {"metadata":{"emulator":{"name":"dataconnect"},"message":"I0814 22:16:33.839090    9756 codegen.go:82] [connector \"default\" javascriptSdk] Generating sources into \"c:\\\\projects\\\\officiax-aab2\\\\dataconnect-generated\\\\js\\\\default-connector\"\n"}}
[debug] [2025-08-15T02:16:33.856Z] I0814 22:16:33.856515    9756 collector.go:107] schema extensions wrote into "c:\\projects\\officiax-aab2\\dataconnect\\.dataconnect\\schema"
Generated sources: prelude.gql [73172B] 
 {"metadata":{"emulator":{"name":"dataconnect"},"message":"I0814 22:16:33.856515    9756 collector.go:107] schema extensions wrote into \"c:\\\\projects\\\\officiax-aab2\\\\dataconnect\\\\.dataconnect\\\\schema\"\nGenerated sources: prelude.gql [73172B] \n"}}
[debug] [2025-08-15T02:16:33.865Z] I0814 22:16:33.865623    9756 collector.go:107] connector "default" javascriptSdk wrote into "c:\\projects\\officiax-aab2\\dataconnect-generated\\js\\default-connector"
Generated sources: react\package.json [468B] react\esm\package.json [17B] react\README.md [5474B] esm\index.esm.js [116B] package.json [860B] README.md [2896B] react\index.d.ts [228B] react\index.cjs.js [0B] react\esm\index.esm.js [0B] index.d.ts [248B] esm\package.json [17B] index.cjs.js [151B] 
 {"metadata":{"emulator":{"name":"dataconnect"},"message":"I0814 22:16:33.865623    9756 collector.go:107] connector \"default\" javascriptSdk wrote into \"c:\\\\projects\\\\officiax-aab2\\\\dataconnect-generated\\\\js\\\\default-connector\"\nGenerated sources: react\\package.json [468B] react\\esm\\package.json [17B] react\\README.md [5474B] esm\\index.esm.js [116B] package.json [860B] README.md [2896B] react\\index.d.ts [228B] react\\index.cjs.js [0B] react\\esm\\index.esm.js [0B] index.d.ts [248B] esm\\package.json [17B] index.cjs.js [151B] \n"}}
[debug] [2025-08-15T02:16:33.883Z] I0814 22:16:33.883903    9756 installsdk.go:86] Running command: C:\Program Files\nodejs\npm.cmd install file:dataconnect-generated\js\default-connector
 {"metadata":{"emulator":{"name":"dataconnect"},"message":"I0814 22:16:33.883903    9756 installsdk.go:86] Running command: C:\\Program Files\\nodejs\\npm.cmd install file:dataconnect-generated\\js\\default-connector\n"}}
[debug] [2025-08-15T02:16:36.725Z] E0814 22:16:36.726096    9756 installsdk.go:88] Failed to install package: exit status 1
I0814 22:16:36.726096    9756 load.go:115] Finished reloading
 {"metadata":{"emulator":{"name":"dataconnect"},"message":"E0814 22:16:36.726096    9756 installsdk.go:88] Failed to install package: exit status 1\nI0814 22:16:36.726096    9756 load.go:115] Finished reloading\n"}}
[debug] [2025-08-15T02:19:41.720Z] I0814 22:19:41.721245    9756 load.go:37] Reloading schema and connectors...
 {"metadata":{"emulator":{"name":"dataconnect"},"message":"I0814 22:19:41.721245    9756 load.go:37] Reloading schema and connectors...\n"}}
[debug] [2025-08-15T02:19:41.728Z] I0814 22:19:41.729653    9756 collector.go:107] schema extensions wrote into "c:\\projects\\officiax-aab2\\dataconnect\\.dataconnect\\schema"
Generated sources: prelude.gql [73172B] 
I0814 22:19:41.729653    9756 load.go:115] Finished reloading
 {"metadata":{"emulator":{"name":"dataconnect"},"message":"I0814 22:19:41.729653    9756 collector.go:107] schema extensions wrote into \"c:\\\\projects\\\\officiax-aab2\\\\dataconnect\\\\.dataconnect\\\\schema\"\nGenerated sources: prelude.gql [73172B] \nI0814 22:19:41.729653    9756 load.go:115] Finished reloading\n"}}
[debug] [2025-08-15T02:19:44.219Z] I0814 22:19:44.221070    9756 load.go:37] Reloading schema and connectors...
 {"metadata":{"emulator":{"name":"dataconnect"},"message":"I0814 22:19:44.221070    9756 load.go:37] Reloading schema and connectors...\n"}}
[debug] [2025-08-15T02:19:44.227Z] I0814 22:19:44.228961    9756 codegen.go:82] [connector "default" javascriptSdk] Generating sources into "c:\\projects\\officiax-aab2\\dataconnect-generated\\js\\default-connector"
 {"metadata":{"emulator":{"name":"dataconnect"},"message":"I0814 22:19:44.228961    9756 codegen.go:82] [connector \"default\" javascriptSdk] Generating sources into \"c:\\\\projects\\\\officiax-aab2\\\\dataconnect-generated\\\\js\\\\default-connector\"\n"}}
[debug] [2025-08-15T02:19:44.233Z] I0814 22:19:44.234299    9756 collector.go:107] schema extensions wrote into "c:\\projects\\officiax-aab2\\dataconnect\\.dataconnect\\schema"
Generated sources: prelude.gql [73172B] 
 {"metadata":{"emulator":{"name":"dataconnect"},"message":"I0814 22:19:44.234299    9756 collector.go:107] schema extensions wrote into \"c:\\\\projects\\\\officiax-aab2\\\\dataconnect\\\\.dataconnect\\\\schema\"\nGenerated sources: prelude.gql [73172B] \n"}}
[debug] [2025-08-15T02:19:44.237Z] I0814 22:19:44.238568    9756 collector.go:107] connector "default" javascriptSdk wrote into "c:\\projects\\officiax-aab2\\dataconnect-generated\\js\\default-connector"
Generated sources: react\index.d.ts [228B] react\package.json [468B] react\esm\package.json [17B] react\esm\index.esm.js [0B] index.d.ts [248B] esm\package.json [17B] index.cjs.js [151B] package.json [860B] react\index.cjs.js [0B] react\README.md [5474B] esm\index.esm.js [116B] README.md [2896B] 
 {"metadata":{"emulator":{"name":"dataconnect"},"message":"I0814 22:19:44.238568    9756 collector.go:107] connector \"default\" javascriptSdk wrote into \"c:\\\\projects\\\\officiax-aab2\\\\dataconnect-generated\\\\js\\\\default-connector\"\nGenerated sources: react\\index.d.ts [228B] react\\package.json [468B] react\\esm\\package.json [17B] react\\esm\\index.esm.js [0B] index.d.ts [248B] esm\\package.json [17B] index.cjs.js [151B] package.json [860B] react\\index.cjs.js [0B] react\\README.md [5474B] esm\\index.esm.js [116B] README.md [2896B] \n"}}
[debug] [2025-08-15T02:19:44.251Z] I0814 22:19:44.252147    9756 installsdk.go:86] Running command: C:\Program Files\nodejs\npm.cmd install file:dataconnect-generated\js\default-connector
 {"metadata":{"emulator":{"name":"dataconnect"},"message":"I0814 22:19:44.252147    9756 installsdk.go:86] Running command: C:\\Program Files\\nodejs\\npm.cmd install file:dataconnect-generated\\js\\default-connector\n"}}
[debug] [2025-08-15T02:19:46.699Z] E0814 22:19:46.700529    9756 installsdk.go:88] Failed to install package: exit status 1
I0814 22:19:46.701073    9756 load.go:115] Finished reloading
 {"metadata":{"emulator":{"name":"dataconnect"},"message":"E0814 22:19:46.700529    9756 installsdk.go:88] Failed to install package: exit status 1\nI0814 22:19:46.701073    9756 load.go:115] Finished reloading\n"}}
[debug] [2025-08-15T02:40:27.683Z] I0814 22:40:27.682087    9756 load.go:37] Reloading schema and connectors...
 {"metadata":{"emulator":{"name":"dataconnect"},"message":"I0814 22:40:27.682087    9756 load.go:37] Reloading schema and connectors...\n"}}
[debug] [2025-08-15T02:40:27.709Z] I0814 22:40:27.708509    9756 collector.go:107] schema extensions wrote into "c:\\projects\\officiax-aab2\\dataconnect\\.dataconnect\\schema"
Generated sources: prelude.gql [73172B] 
 {"metadata":{"emulator":{"name":"dataconnect"},"message":"I0814 22:40:27.708509    9756 collector.go:107] schema extensions wrote into \"c:\\\\projects\\\\officiax-aab2\\\\dataconnect\\\\.dataconnect\\\\schema\"\nGenerated sources: prelude.gql [73172B] \n"}}
[debug] [2025-08-15T02:40:27.710Z] I0814 22:40:27.709032    9756 load.go:115] Finished reloading
 {"metadata":{"emulator":{"name":"dataconnect"},"message":"I0814 22:40:27.709032    9756 load.go:115] Finished reloading\n"}}
[debug] [2025-08-15T02:40:29.752Z] I0814 22:40:29.752268    9756 load.go:37] Reloading schema and connectors...
 {"metadata":{"emulator":{"name":"dataconnect"},"message":"I0814 22:40:29.752268    9756 load.go:37] Reloading schema and connectors...\n"}}
[debug] [2025-08-15T02:40:29.764Z] I0814 22:40:29.763860    9756 codegen.go:82] [connector "default" javascriptSdk] Generating sources into "c:\\projects\\officiax-aab2\\dataconnect-generated\\js\\default-connector"
 {"metadata":{"emulator":{"name":"dataconnect"},"message":"I0814 22:40:29.763860    9756 codegen.go:82] [connector \"default\" javascriptSdk] Generating sources into \"c:\\\\projects\\\\officiax-aab2\\\\dataconnect-generated\\\\js\\\\default-connector\"\n"}}
[debug] [2025-08-15T02:40:29.778Z] I0814 22:40:29.778950    9756 collector.go:107] schema extensions wrote into "c:\\projects\\officiax-aab2\\dataconnect\\.dataconnect\\schema"
Generated sources: prelude.gql [73172B] 
 {"metadata":{"emulator":{"name":"dataconnect"},"message":"I0814 22:40:29.778950    9756 collector.go:107] schema extensions wrote into \"c:\\\\projects\\\\officiax-aab2\\\\dataconnect\\\\.dataconnect\\\\schema\"\nGenerated sources: prelude.gql [73172B] \n"}}
[debug] [2025-08-15T02:40:29.784Z] I0814 22:40:29.784181    9756 collector.go:107] connector "default" javascriptSdk wrote into "c:\\projects\\officiax-aab2\\dataconnect-generated\\js\\default-connector"
Generated sources: index.d.ts [248B] esm\index.esm.js [116B] esm\package.json [17B] index.cjs.js [151B] react\package.json [468B] react\esm\index.esm.js [0B] react\README.md [5474B] package.json [860B] README.md [2896B] react\index.d.ts [228B] react\esm\package.json [17B] react\index.cjs.js [0B] 
 {"metadata":{"emulator":{"name":"dataconnect"},"message":"I0814 22:40:29.784181    9756 collector.go:107] connector \"default\" javascriptSdk wrote into \"c:\\\\projects\\\\officiax-aab2\\\\dataconnect-generated\\\\js\\\\default-connector\"\nGenerated sources: index.d.ts [248B] esm\\index.esm.js [116B] esm\\package.json [17B] index.cjs.js [151B] react\\package.json [468B] react\\esm\\index.esm.js [0B] react\\README.md [5474B] package.json [860B] README.md [2896B] react\\index.d.ts [228B] react\\esm\\package.json [17B] react\\index.cjs.js [0B] \n"}}
[debug] [2025-08-15T02:40:29.804Z] I0814 22:40:29.804981    9756 installsdk.go:86] Running command: C:\Program Files\nodejs\npm.cmd install file:dataconnect-generated\js\default-connector
 {"metadata":{"emulator":{"name":"dataconnect"},"message":"I0814 22:40:29.804981    9756 installsdk.go:86] Running command: C:\\Program Files\\nodejs\\npm.cmd install file:dataconnect-generated\\js\\default-connector\n"}}
[debug] [2025-08-15T02:40:32.925Z] E0814 22:40:32.925784    9756 installsdk.go:88] Failed to install package: exit status 1
I0814 22:40:32.926294    9756 load.go:115] Finished reloading
 {"metadata":{"emulator":{"name":"dataconnect"},"message":"E0814 22:40:32.925784    9756 installsdk.go:88] Failed to install package: exit status 1\nI0814 22:40:32.926294    9756 load.go:115] Finished reloading\n"}}
